

Started GET "/" for ::1 at 2015-03-23 17:05:02 -0400
Processing by VisitorsController#index as HTML
  Rendered visitors/index.html.erb within layouts/application (1.6ms)
  Rendered layouts/_navigation_links.html.erb (0.9ms)
  Rendered layouts/_navigation.html.erb (3.4ms)
  Rendered layouts/_messages.html.erb (0.8ms)
Completed 200 OK in 4724ms (Views: 4711.0ms | ActiveRecord: 0.0ms)


Started GET "/" for ::1 at 2015-03-23 17:05:07 -0400
Processing by VisitorsController#index as HTML
  Rendered visitors/index.html.erb within layouts/application (0.0ms)
  Rendered layouts/_navigation_links.html.erb (0.2ms)
  Rendered layouts/_navigation.html.erb (1.6ms)
  Rendered layouts/_messages.html.erb (0.1ms)
Completed 200 OK in 118ms (Views: 116.7ms | ActiveRecord: 0.0ms)


Started GET "/" for ::1 at 2015-03-23 17:05:10 -0400
Processing by VisitorsController#index as HTML
  Rendered visitors/index.html.erb within layouts/application (0.3ms)
  Rendered layouts/_navigation_links.html.erb (0.5ms)
  Rendered layouts/_navigation.html.erb (3.0ms)
  Rendered layouts/_messages.html.erb (0.4ms)
Completed 200 OK in 112ms (Views: 111.2ms | ActiveRecord: 0.0ms)


Started GET "/pages/about" for ::1 at 2015-03-23 17:05:11 -0400
Processing by HighVoltage::PagesController#show as HTML
  Parameters: {"id"=>"about"}
  Rendered pages/about.html.erb within layouts/application (0.6ms)
  Rendered layouts/_navigation_links.html.erb (0.4ms)
  Rendered layouts/_navigation.html.erb (2.3ms)
  Rendered layouts/_messages.html.erb (0.1ms)
Completed 200 OK in 99ms (Views: 98.5ms | ActiveRecord: 0.0ms)
  [1m[36m (1.6ms)[0m  [1mCREATE TABLE "schema_migrations" ("version" varchar NOT NULL) [0m
  [1m[35m (0.6ms)[0m  select sqlite_version(*)
  [1m[36m (1.4ms)[0m  [1mCREATE UNIQUE INDEX "unique_schema_migrations" ON "schema_migrations" ("version")[0m
  [1m[35mActiveRecord::SchemaMigration Load (0.2ms)[0m  SELECT "schema_migrations".* FROM "schema_migrations"
Migrating to CreateUsers (20150323211025)
  [1m[36m (0.1ms)[0m  [1mbegin transaction[0m
  [1m[35m (0.5ms)[0m  CREATE TABLE "users" ("id" INTEGER PRIMARY KEY AUTOINCREMENT NOT NULL, "default_hrs_per_month" integer, "username" varchar, "email" varchar, "created_at" datetime NOT NULL, "updated_at" datetime NOT NULL) 
  [1m[36mSQL (0.2ms)[0m  [1mINSERT INTO "schema_migrations" ("version") VALUES (?)[0m  [["version", "20150323211025"]]
  [1m[35m (0.8ms)[0m  commit transaction
Migrating to CreateReservations (20150323211341)
  [1m[36m (0.1ms)[0m  [1mbegin transaction[0m
  [1m[35m (0.4ms)[0m  CREATE TABLE "reservations" ("id" INTEGER PRIMARY KEY AUTOINCREMENT NOT NULL, "user_id" integer, "date" date, "start_time" time, "end_time" time, "is_performance" boolean, "fee_is_processed" boolean, "created_at" datetime NOT NULL, "updated_at" datetime NOT NULL) 
  [1m[36m (0.1ms)[0m  [1mCREATE  INDEX "index_reservations_on_user_id" ON "reservations" ("user_id")[0m
  [1m[35mSQL (0.1ms)[0m  INSERT INTO "schema_migrations" ("version") VALUES (?)  [["version", "20150323211341"]]
  [1m[36m (0.9ms)[0m  [1mcommit transaction[0m
Migrating to CreateConstraintDays (20150323211626)
  [1m[35m (0.1ms)[0m  begin transaction
  [1m[36m (0.4ms)[0m  [1mCREATE TABLE "constraint_days" ("id" INTEGER PRIMARY KEY AUTOINCREMENT NOT NULL, "avail_starting" time, "avail_ending" time, "hold_for_perf_starts" time, "hold_for_perf_ends" time, "name" varchar, "is_special_hold" boolean, "special_hold_date" date, "created_at" datetime NOT NULL, "updated_at" datetime NOT NULL) [0m
  [1m[35mSQL (0.1ms)[0m  INSERT INTO "schema_migrations" ("version") VALUES (?)  [["version", "20150323211626"]]
  [1m[36m (0.9ms)[0m  [1mcommit transaction[0m
Migrating to CreateConstraintWeekTemplates (20150323212151)
  [1m[35m (0.1ms)[0m  begin transaction
  [1m[36m (0.5ms)[0m  [1mCREATE TABLE "constraint_week_templates" ("id" INTEGER PRIMARY KEY AUTOINCREMENT NOT NULL, "max_lookahead_for_reh" integer, "max_lookahead_for_perf" integer, "release_unbooked_perf_lookahead" integer, "active_starting" date, "monday_id" integer, "tuesday_id" integer, "wednesday_id" integer, "thursday_id" integer, "friday_id" integer, "saturday_id" integer, "sunday_id" integer, "created_at" datetime NOT NULL, "updated_at" datetime NOT NULL) [0m
  [1m[35m (0.1ms)[0m  CREATE  INDEX "index_constraint_week_templates_on_monday_id" ON "constraint_week_templates" ("monday_id")
  [1m[36m (0.3ms)[0m  [1m            SELECT sql
            FROM sqlite_master
            WHERE name='index_constraint_week_templates_on_monday_id' AND type='index'
            UNION ALL
            SELECT sql
            FROM sqlite_temp_master
            WHERE name='index_constraint_week_templates_on_monday_id' AND type='index'
[0m
  [1m[35m (0.2ms)[0m  CREATE  INDEX "index_constraint_week_templates_on_tuesday_id" ON "constraint_week_templates" ("tuesday_id")
  [1m[36m (0.1ms)[0m  [1m            SELECT sql
            FROM sqlite_master
            WHERE name='index_constraint_week_templates_on_tuesday_id' AND type='index'
            UNION ALL
            SELECT sql
            FROM sqlite_temp_master
            WHERE name='index_constraint_week_templates_on_tuesday_id' AND type='index'
[0m
  [1m[35m (0.1ms)[0m              SELECT sql
            FROM sqlite_master
            WHERE name='index_constraint_week_templates_on_monday_id' AND type='index'
            UNION ALL
            SELECT sql
            FROM sqlite_temp_master
            WHERE name='index_constraint_week_templates_on_monday_id' AND type='index'

  [1m[36m (0.2ms)[0m  [1mCREATE  INDEX "index_constraint_week_templates_on_wednesday_id" ON "constraint_week_templates" ("wednesday_id")[0m
  [1m[35m (0.1ms)[0m              SELECT sql
            FROM sqlite_master
            WHERE name='index_constraint_week_templates_on_wednesday_id' AND type='index'
            UNION ALL
            SELECT sql
            FROM sqlite_temp_master
            WHERE name='index_constraint_week_templates_on_wednesday_id' AND type='index'

  [1m[36m (0.1ms)[0m  [1m            SELECT sql
            FROM sqlite_master
            WHERE name='index_constraint_week_templates_on_tuesday_id' AND type='index'
            UNION ALL
            SELECT sql
            FROM sqlite_temp_master
            WHERE name='index_constraint_week_templates_on_tuesday_id' AND type='index'
[0m
  [1m[35m (0.1ms)[0m              SELECT sql
            FROM sqlite_master
            WHERE name='index_constraint_week_templates_on_monday_id' AND type='index'
            UNION ALL
            SELECT sql
            FROM sqlite_temp_master
            WHERE name='index_constraint_week_templates_on_monday_id' AND type='index'

  [1m[36m (0.1ms)[0m  [1mCREATE  INDEX "index_constraint_week_templates_on_thursday_id" ON "constraint_week_templates" ("thursday_id")[0m
  [1m[35m (0.1ms)[0m              SELECT sql
            FROM sqlite_master
            WHERE name='index_constraint_week_templates_on_thursday_id' AND type='index'
            UNION ALL
            SELECT sql
            FROM sqlite_temp_master
            WHERE name='index_constraint_week_templates_on_thursday_id' AND type='index'

  [1m[36m (0.1ms)[0m  [1m            SELECT sql
            FROM sqlite_master
            WHERE name='index_constraint_week_templates_on_wednesday_id' AND type='index'
            UNION ALL
            SELECT sql
            FROM sqlite_temp_master
            WHERE name='index_constraint_week_templates_on_wednesday_id' AND type='index'
[0m
  [1m[35m (0.1ms)[0m              SELECT sql
            FROM sqlite_master
            WHERE name='index_constraint_week_templates_on_tuesday_id' AND type='index'
            UNION ALL
            SELECT sql
            FROM sqlite_temp_master
            WHERE name='index_constraint_week_templates_on_tuesday_id' AND type='index'

  [1m[36m (0.1ms)[0m  [1m            SELECT sql
            FROM sqlite_master
            WHERE name='index_constraint_week_templates_on_monday_id' AND type='index'
            UNION ALL
            SELECT sql
            FROM sqlite_temp_master
            WHERE name='index_constraint_week_templates_on_monday_id' AND type='index'
[0m
  [1m[35m (0.1ms)[0m  CREATE  INDEX "index_constraint_week_templates_on_friday_id" ON "constraint_week_templates" ("friday_id")
  [1m[36m (0.1ms)[0m  [1m            SELECT sql
            FROM sqlite_master
            WHERE name='index_constraint_week_templates_on_friday_id' AND type='index'
            UNION ALL
            SELECT sql
            FROM sqlite_temp_master
            WHERE name='index_constraint_week_templates_on_friday_id' AND type='index'
[0m
  [1m[35m (0.1ms)[0m              SELECT sql
            FROM sqlite_master
            WHERE name='index_constraint_week_templates_on_thursday_id' AND type='index'
            UNION ALL
            SELECT sql
            FROM sqlite_temp_master
            WHERE name='index_constraint_week_templates_on_thursday_id' AND type='index'

  [1m[36m (0.1ms)[0m  [1m            SELECT sql
            FROM sqlite_master
            WHERE name='index_constraint_week_templates_on_wednesday_id' AND type='index'
            UNION ALL
            SELECT sql
            FROM sqlite_temp_master
            WHERE name='index_constraint_week_templates_on_wednesday_id' AND type='index'
[0m
  [1m[35m (0.1ms)[0m              SELECT sql
            FROM sqlite_master
            WHERE name='index_constraint_week_templates_on_tuesday_id' AND type='index'
            UNION ALL
            SELECT sql
            FROM sqlite_temp_master
            WHERE name='index_constraint_week_templates_on_tuesday_id' AND type='index'

  [1m[36m (0.1ms)[0m  [1m            SELECT sql
            FROM sqlite_master
            WHERE name='index_constraint_week_templates_on_monday_id' AND type='index'
            UNION ALL
            SELECT sql
            FROM sqlite_temp_master
            WHERE name='index_constraint_week_templates_on_monday_id' AND type='index'
[0m
  [1m[35m (0.2ms)[0m  CREATE  INDEX "index_constraint_week_templates_on_saturday_id" ON "constraint_week_templates" ("saturday_id")
  [1m[36m (0.1ms)[0m  [1m            SELECT sql
            FROM sqlite_master
            WHERE name='index_constraint_week_templates_on_saturday_id' AND type='index'
            UNION ALL
            SELECT sql
            FROM sqlite_temp_master
            WHERE name='index_constraint_week_templates_on_saturday_id' AND type='index'
[0m
  [1m[35m (0.1ms)[0m              SELECT sql
            FROM sqlite_master
            WHERE name='index_constraint_week_templates_on_friday_id' AND type='index'
            UNION ALL
            SELECT sql
            FROM sqlite_temp_master
            WHERE name='index_constraint_week_templates_on_friday_id' AND type='index'

  [1m[36m (0.1ms)[0m  [1m            SELECT sql
            FROM sqlite_master
            WHERE name='index_constraint_week_templates_on_thursday_id' AND type='index'
            UNION ALL
            SELECT sql
            FROM sqlite_temp_master
            WHERE name='index_constraint_week_templates_on_thursday_id' AND type='index'
[0m
  [1m[35m (0.1ms)[0m              SELECT sql
            FROM sqlite_master
            WHERE name='index_constraint_week_templates_on_wednesday_id' AND type='index'
            UNION ALL
            SELECT sql
            FROM sqlite_temp_master
            WHERE name='index_constraint_week_templates_on_wednesday_id' AND type='index'

  [1m[36m (0.1ms)[0m  [1m            SELECT sql
            FROM sqlite_master
            WHERE name='index_constraint_week_templates_on_tuesday_id' AND type='index'
            UNION ALL
            SELECT sql
            FROM sqlite_temp_master
            WHERE name='index_constraint_week_templates_on_tuesday_id' AND type='index'
[0m
  [1m[35m (0.1ms)[0m              SELECT sql
            FROM sqlite_master
            WHERE name='index_constraint_week_templates_on_monday_id' AND type='index'
            UNION ALL
            SELECT sql
            FROM sqlite_temp_master
            WHERE name='index_constraint_week_templates_on_monday_id' AND type='index'

  [1m[36m (0.2ms)[0m  [1mCREATE  INDEX "index_constraint_week_templates_on_sunday_id" ON "constraint_week_templates" ("sunday_id")[0m
  [1m[35mSQL (0.3ms)[0m  INSERT INTO "schema_migrations" ("version") VALUES (?)  [["version", "20150323212151"]]
  [1m[36m (1.4ms)[0m  [1mcommit transaction[0m
  [1m[35mActiveRecord::SchemaMigration Load (0.1ms)[0m  SELECT "schema_migrations".* FROM "schema_migrations"
  [1m[36m (0.1ms)[0m  [1m            SELECT sql
            FROM sqlite_master
            WHERE name='index_constraint_week_templates_on_sunday_id' AND type='index'
            UNION ALL
            SELECT sql
            FROM sqlite_temp_master
            WHERE name='index_constraint_week_templates_on_sunday_id' AND type='index'
[0m
  [1m[35m (0.1ms)[0m              SELECT sql
            FROM sqlite_master
            WHERE name='index_constraint_week_templates_on_saturday_id' AND type='index'
            UNION ALL
            SELECT sql
            FROM sqlite_temp_master
            WHERE name='index_constraint_week_templates_on_saturday_id' AND type='index'

  [1m[36m (0.2ms)[0m  [1m            SELECT sql
            FROM sqlite_master
            WHERE name='index_constraint_week_templates_on_friday_id' AND type='index'
            UNION ALL
            SELECT sql
            FROM sqlite_temp_master
            WHERE name='index_constraint_week_templates_on_friday_id' AND type='index'
[0m
  [1m[35m (0.1ms)[0m              SELECT sql
            FROM sqlite_master
            WHERE name='index_constraint_week_templates_on_thursday_id' AND type='index'
            UNION ALL
            SELECT sql
            FROM sqlite_temp_master
            WHERE name='index_constraint_week_templates_on_thursday_id' AND type='index'

  [1m[36m (0.2ms)[0m  [1m            SELECT sql
            FROM sqlite_master
            WHERE name='index_constraint_week_templates_on_wednesday_id' AND type='index'
            UNION ALL
            SELECT sql
            FROM sqlite_temp_master
            WHERE name='index_constraint_week_templates_on_wednesday_id' AND type='index'
[0m
  [1m[35m (0.1ms)[0m              SELECT sql
            FROM sqlite_master
            WHERE name='index_constraint_week_templates_on_tuesday_id' AND type='index'
            UNION ALL
            SELECT sql
            FROM sqlite_temp_master
            WHERE name='index_constraint_week_templates_on_tuesday_id' AND type='index'

  [1m[36m (0.1ms)[0m  [1m            SELECT sql
            FROM sqlite_master
            WHERE name='index_constraint_week_templates_on_monday_id' AND type='index'
            UNION ALL
            SELECT sql
            FROM sqlite_temp_master
            WHERE name='index_constraint_week_templates_on_monday_id' AND type='index'
[0m
  [1m[35m (0.2ms)[0m              SELECT sql
            FROM sqlite_master
            WHERE name='index_reservations_on_user_id' AND type='index'
            UNION ALL
            SELECT sql
            FROM sqlite_temp_master
            WHERE name='index_reservations_on_user_id' AND type='index'

  [1m[36m (9.4ms)[0m  [1mCREATE TABLE "schema_migrations" ("version" varchar NOT NULL) [0m
  [1m[35m (0.2ms)[0m  select sqlite_version(*)
  [1m[36m (1.6ms)[0m  [1mCREATE UNIQUE INDEX "unique_schema_migrations" ON "schema_migrations" ("version")[0m
  [1m[35mActiveRecord::SchemaMigration Load (0.2ms)[0m  SELECT "schema_migrations".* FROM "schema_migrations"
Migrating to CreateUsers (20150323211025)
  [1m[36m (0.1ms)[0m  [1mbegin transaction[0m
  [1m[35m (0.5ms)[0m  CREATE TABLE "users" ("id" INTEGER PRIMARY KEY AUTOINCREMENT NOT NULL, "default_hrs_per_month" integer, "username" varchar, "email" varchar, "created_at" datetime NOT NULL, "updated_at" datetime NOT NULL) 
  [1m[36mSQL (0.2ms)[0m  [1mINSERT INTO "schema_migrations" ("version") VALUES (?)[0m  [["version", "20150323211025"]]
  [1m[35m (1.0ms)[0m  commit transaction
Migrating to CreateReservations (20150323211341)
  [1m[36m (0.1ms)[0m  [1mbegin transaction[0m
  [1m[35m (0.4ms)[0m  CREATE TABLE "reservations" ("id" INTEGER PRIMARY KEY AUTOINCREMENT NOT NULL, "user_id" integer, "date" date, "start_time" time, "end_time" time, "is_performance" boolean, "fee_is_processed" boolean, "created_at" datetime NOT NULL, "updated_at" datetime NOT NULL) 
  [1m[36m (0.1ms)[0m  [1mCREATE  INDEX "index_reservations_on_user_id" ON "reservations" ("user_id")[0m
  [1m[35mSQL (0.1ms)[0m  INSERT INTO "schema_migrations" ("version") VALUES (?)  [["version", "20150323211341"]]
  [1m[36m (0.9ms)[0m  [1mcommit transaction[0m
Migrating to CreateConstraintWeekTemplates (20150323212151)
  [1m[35m (0.1ms)[0m  begin transaction
  [1m[36m (0.3ms)[0m  [1mCREATE TABLE "constraint_week_templates" ("id" INTEGER PRIMARY KEY AUTOINCREMENT NOT NULL, "max_lookahead_for_reh" integer, "max_lookahead_for_perf" integer, "release_unbooked_perf_lookahead" integer, "active_starting" date, "monday_id" integer, "tuesday_id" integer, "wednesday_id" integer, "thursday_id" integer, "friday_id" integer, "saturday_id" integer, "sunday_id" integer, "created_at" datetime NOT NULL, "updated_at" datetime NOT NULL) [0m
  [1m[35m (0.1ms)[0m  CREATE  INDEX "index_constraint_week_templates_on_monday_id" ON "constraint_week_templates" ("monday_id")
  [1m[36m (0.1ms)[0m  [1m            SELECT sql
            FROM sqlite_master
            WHERE name='index_constraint_week_templates_on_monday_id' AND type='index'
            UNION ALL
            SELECT sql
            FROM sqlite_temp_master
            WHERE name='index_constraint_week_templates_on_monday_id' AND type='index'
[0m
  [1m[35m (0.1ms)[0m  CREATE  INDEX "index_constraint_week_templates_on_tuesday_id" ON "constraint_week_templates" ("tuesday_id")
  [1m[36m (0.1ms)[0m  [1m            SELECT sql
            FROM sqlite_master
            WHERE name='index_constraint_week_templates_on_tuesday_id' AND type='index'
            UNION ALL
            SELECT sql
            FROM sqlite_temp_master
            WHERE name='index_constraint_week_templates_on_tuesday_id' AND type='index'
[0m
  [1m[35m (0.0ms)[0m              SELECT sql
            FROM sqlite_master
            WHERE name='index_constraint_week_templates_on_monday_id' AND type='index'
            UNION ALL
            SELECT sql
            FROM sqlite_temp_master
            WHERE name='index_constraint_week_templates_on_monday_id' AND type='index'

  [1m[36m (0.1ms)[0m  [1mCREATE  INDEX "index_constraint_week_templates_on_wednesday_id" ON "constraint_week_templates" ("wednesday_id")[0m
  [1m[35m (0.0ms)[0m              SELECT sql
            FROM sqlite_master
            WHERE name='index_constraint_week_templates_on_wednesday_id' AND type='index'
            UNION ALL
            SELECT sql
            FROM sqlite_temp_master
            WHERE name='index_constraint_week_templates_on_wednesday_id' AND type='index'

  [1m[36m (0.1ms)[0m  [1m            SELECT sql
            FROM sqlite_master
            WHERE name='index_constraint_week_templates_on_tuesday_id' AND type='index'
            UNION ALL
            SELECT sql
            FROM sqlite_temp_master
            WHERE name='index_constraint_week_templates_on_tuesday_id' AND type='index'
[0m
  [1m[35m (0.0ms)[0m              SELECT sql
            FROM sqlite_master
            WHERE name='index_constraint_week_templates_on_monday_id' AND type='index'
            UNION ALL
            SELECT sql
            FROM sqlite_temp_master
            WHERE name='index_constraint_week_templates_on_monday_id' AND type='index'

  [1m[36m (0.1ms)[0m  [1mCREATE  INDEX "index_constraint_week_templates_on_thursday_id" ON "constraint_week_templates" ("thursday_id")[0m
  [1m[35m (0.0ms)[0m              SELECT sql
            FROM sqlite_master
            WHERE name='index_constraint_week_templates_on_thursday_id' AND type='index'
            UNION ALL
            SELECT sql
            FROM sqlite_temp_master
            WHERE name='index_constraint_week_templates_on_thursday_id' AND type='index'

  [1m[36m (0.0ms)[0m  [1m            SELECT sql
            FROM sqlite_master
            WHERE name='index_constraint_week_templates_on_wednesday_id' AND type='index'
            UNION ALL
            SELECT sql
            FROM sqlite_temp_master
            WHERE name='index_constraint_week_templates_on_wednesday_id' AND type='index'
[0m
  [1m[35m (0.1ms)[0m              SELECT sql
            FROM sqlite_master
            WHERE name='index_constraint_week_templates_on_tuesday_id' AND type='index'
            UNION ALL
            SELECT sql
            FROM sqlite_temp_master
            WHERE name='index_constraint_week_templates_on_tuesday_id' AND type='index'

  [1m[36m (0.0ms)[0m  [1m            SELECT sql
            FROM sqlite_master
            WHERE name='index_constraint_week_templates_on_monday_id' AND type='index'
            UNION ALL
            SELECT sql
            FROM sqlite_temp_master
            WHERE name='index_constraint_week_templates_on_monday_id' AND type='index'
[0m
  [1m[35m (0.1ms)[0m  CREATE  INDEX "index_constraint_week_templates_on_friday_id" ON "constraint_week_templates" ("friday_id")
  [1m[36m (0.1ms)[0m  [1m            SELECT sql
            FROM sqlite_master
            WHERE name='index_constraint_week_templates_on_friday_id' AND type='index'
            UNION ALL
            SELECT sql
            FROM sqlite_temp_master
            WHERE name='index_constraint_week_templates_on_friday_id' AND type='index'
[0m
  [1m[35m (0.1ms)[0m              SELECT sql
            FROM sqlite_master
            WHERE name='index_constraint_week_templates_on_thursday_id' AND type='index'
            UNION ALL
            SELECT sql
            FROM sqlite_temp_master
            WHERE name='index_constraint_week_templates_on_thursday_id' AND type='index'

  [1m[36m (0.0ms)[0m  [1m            SELECT sql
            FROM sqlite_master
            WHERE name='index_constraint_week_templates_on_wednesday_id' AND type='index'
            UNION ALL
            SELECT sql
            FROM sqlite_temp_master
            WHERE name='index_constraint_week_templates_on_wednesday_id' AND type='index'
[0m
  [1m[35m (0.0ms)[0m              SELECT sql
            FROM sqlite_master
            WHERE name='index_constraint_week_templates_on_tuesday_id' AND type='index'
            UNION ALL
            SELECT sql
            FROM sqlite_temp_master
            WHERE name='index_constraint_week_templates_on_tuesday_id' AND type='index'

  [1m[36m (0.1ms)[0m  [1m            SELECT sql
            FROM sqlite_master
            WHERE name='index_constraint_week_templates_on_monday_id' AND type='index'
            UNION ALL
            SELECT sql
            FROM sqlite_temp_master
            WHERE name='index_constraint_week_templates_on_monday_id' AND type='index'
[0m
  [1m[35m (0.1ms)[0m  CREATE  INDEX "index_constraint_week_templates_on_saturday_id" ON "constraint_week_templates" ("saturday_id")
  [1m[36m (0.1ms)[0m  [1m            SELECT sql
            FROM sqlite_master
            WHERE name='index_constraint_week_templates_on_saturday_id' AND type='index'
            UNION ALL
            SELECT sql
            FROM sqlite_temp_master
            WHERE name='index_constraint_week_templates_on_saturday_id' AND type='index'
[0m
  [1m[35m (0.0ms)[0m              SELECT sql
            FROM sqlite_master
            WHERE name='index_constraint_week_templates_on_friday_id' AND type='index'
            UNION ALL
            SELECT sql
            FROM sqlite_temp_master
            WHERE name='index_constraint_week_templates_on_friday_id' AND type='index'

  [1m[36m (0.1ms)[0m  [1m            SELECT sql
            FROM sqlite_master
            WHERE name='index_constraint_week_templates_on_thursday_id' AND type='index'
            UNION ALL
            SELECT sql
            FROM sqlite_temp_master
            WHERE name='index_constraint_week_templates_on_thursday_id' AND type='index'
[0m
  [1m[35m (0.0ms)[0m              SELECT sql
            FROM sqlite_master
            WHERE name='index_constraint_week_templates_on_wednesday_id' AND type='index'
            UNION ALL
            SELECT sql
            FROM sqlite_temp_master
            WHERE name='index_constraint_week_templates_on_wednesday_id' AND type='index'

  [1m[36m (0.0ms)[0m  [1m            SELECT sql
            FROM sqlite_master
            WHERE name='index_constraint_week_templates_on_tuesday_id' AND type='index'
            UNION ALL
            SELECT sql
            FROM sqlite_temp_master
            WHERE name='index_constraint_week_templates_on_tuesday_id' AND type='index'
[0m
  [1m[35m (0.0ms)[0m              SELECT sql
            FROM sqlite_master
            WHERE name='index_constraint_week_templates_on_monday_id' AND type='index'
            UNION ALL
            SELECT sql
            FROM sqlite_temp_master
            WHERE name='index_constraint_week_templates_on_monday_id' AND type='index'

  [1m[36m (0.1ms)[0m  [1mCREATE  INDEX "index_constraint_week_templates_on_sunday_id" ON "constraint_week_templates" ("sunday_id")[0m
  [1m[35mSQL (0.1ms)[0m  INSERT INTO "schema_migrations" ("version") VALUES (?)  [["version", "20150323212151"]]
  [1m[36m (0.9ms)[0m  [1mcommit transaction[0m
Migrating to CreateConstraintDays (20150323213327)
  [1m[35m (0.0ms)[0m  begin transaction
  [1m[36m (0.3ms)[0m  [1mCREATE TABLE "constraint_days" ("id" INTEGER PRIMARY KEY AUTOINCREMENT NOT NULL, "avail_starting" time, "avail_ending" time, "hold_for_perf_starts" time, "hold_for_perf_ends" time, "name" varchar, "is_special_hold" boolean, "special_hold_date" date, "created_at" datetime NOT NULL, "updated_at" datetime NOT NULL) [0m
  [1m[35mSQL (0.1ms)[0m  INSERT INTO "schema_migrations" ("version") VALUES (?)  [["version", "20150323213327"]]
  [1m[36m (0.8ms)[0m  [1mcommit transaction[0m
  [1m[35mActiveRecord::SchemaMigration Load (0.1ms)[0m  SELECT "schema_migrations".* FROM "schema_migrations"
  [1m[36m (0.2ms)[0m  [1m            SELECT sql
            FROM sqlite_master
            WHERE name='index_constraint_week_templates_on_sunday_id' AND type='index'
            UNION ALL
            SELECT sql
            FROM sqlite_temp_master
            WHERE name='index_constraint_week_templates_on_sunday_id' AND type='index'
[0m
  [1m[35m (0.1ms)[0m              SELECT sql
            FROM sqlite_master
            WHERE name='index_constraint_week_templates_on_saturday_id' AND type='index'
            UNION ALL
            SELECT sql
            FROM sqlite_temp_master
            WHERE name='index_constraint_week_templates_on_saturday_id' AND type='index'

  [1m[36m (0.1ms)[0m  [1m            SELECT sql
            FROM sqlite_master
            WHERE name='index_constraint_week_templates_on_friday_id' AND type='index'
            UNION ALL
            SELECT sql
            FROM sqlite_temp_master
            WHERE name='index_constraint_week_templates_on_friday_id' AND type='index'
[0m
  [1m[35m (0.1ms)[0m              SELECT sql
            FROM sqlite_master
            WHERE name='index_constraint_week_templates_on_thursday_id' AND type='index'
            UNION ALL
            SELECT sql
            FROM sqlite_temp_master
            WHERE name='index_constraint_week_templates_on_thursday_id' AND type='index'

  [1m[36m (0.1ms)[0m  [1m            SELECT sql
            FROM sqlite_master
            WHERE name='index_constraint_week_templates_on_wednesday_id' AND type='index'
            UNION ALL
            SELECT sql
            FROM sqlite_temp_master
            WHERE name='index_constraint_week_templates_on_wednesday_id' AND type='index'
[0m
  [1m[35m (0.1ms)[0m              SELECT sql
            FROM sqlite_master
            WHERE name='index_constraint_week_templates_on_tuesday_id' AND type='index'
            UNION ALL
            SELECT sql
            FROM sqlite_temp_master
            WHERE name='index_constraint_week_templates_on_tuesday_id' AND type='index'

  [1m[36m (0.1ms)[0m  [1m            SELECT sql
            FROM sqlite_master
            WHERE name='index_constraint_week_templates_on_monday_id' AND type='index'
            UNION ALL
            SELECT sql
            FROM sqlite_temp_master
            WHERE name='index_constraint_week_templates_on_monday_id' AND type='index'
[0m
  [1m[35m (0.1ms)[0m              SELECT sql
            FROM sqlite_master
            WHERE name='index_reservations_on_user_id' AND type='index'
            UNION ALL
            SELECT sql
            FROM sqlite_temp_master
            WHERE name='index_reservations_on_user_id' AND type='index'

  [1m[36m (0.2ms)[0m  [1mbegin transaction[0m
  [1m[35mSQL (0.5ms)[0m  INSERT INTO "constraint_days" ("avail_starting", "created_at", "updated_at") VALUES (?, ?, ?)  [["avail_starting", "2000-01-01 07:00:00.000000"], ["created_at", "2015-03-23 21:35:33.364645"], ["updated_at", "2015-03-23 21:35:33.364645"]]
  [1m[36m (9.1ms)[0m  [1mcommit transaction[0m
  [1m[35m (0.1ms)[0m  begin transaction
  [1m[36mSQL (0.6ms)[0m  [1mINSERT INTO "constraint_days" ("avail_starting", "avail_ending", "hold_for_perf_starts", "hold_for_perf_ends", "created_at", "updated_at") VALUES (?, ?, ?, ?, ?, ?)[0m  [["avail_starting", "2000-01-01 07:00:00.000000"], ["avail_ending", "2000-01-01 22:00:00.000000"], ["hold_for_perf_starts", "2000-01-01 19:00:00.000000"], ["hold_for_perf_ends", "2000-01-01 22:00:00.000000"], ["created_at", "2015-03-23 21:37:25.533723"], ["updated_at", "2015-03-23 21:37:25.533723"]]
  [1m[35m (8.1ms)[0m  commit transaction
  [1m[36mConstraintDay Load (0.2ms)[0m  [1mSELECT  "constraint_days".* FROM "constraint_days" WHERE "constraint_days"."id" = ? LIMIT 1[0m  [["id", 1]]
  [1m[35mConstraintDay Load (0.3ms)[0m  SELECT  "constraint_days".* FROM "constraint_days" WHERE "constraint_days"."id" = ? LIMIT 1  [["id", 1]]
  [1m[36m (0.2ms)[0m  [1mbegin transaction[0m
  [1m[35mSQL (1.5ms)[0m  DELETE FROM "constraint_days" WHERE "constraint_days"."id" = ?  [["id", 1]]
  [1m[36m (8.7ms)[0m  [1mcommit transaction[0m
  [1m[35m (0.1ms)[0m  begin transaction
  [1m[36mSQL (0.7ms)[0m  [1mINSERT INTO "constraint_week_templates" ("monday_id", "created_at", "updated_at") VALUES (?, ?, ?)[0m  [["monday_id", 2], ["created_at", "2015-03-23 21:38:46.259100"], ["updated_at", "2015-03-23 21:38:46.259100"]]
  [1m[35m (9.2ms)[0m  commit transaction
  [1m[36m (0.1ms)[0m  [1mbegin transaction[0m
  [1m[35mSQL (0.5ms)[0m  UPDATE "constraint_week_templates" SET "tuesday_id" = ?, "updated_at" = ? WHERE "constraint_week_templates"."id" = ?  [["tuesday_id", 2], ["updated_at", "2015-03-23 21:39:56.061493"], ["id", 1]]
  [1m[36m (9.1ms)[0m  [1mcommit transaction[0m
  [1m[35m (0.1ms)[0m  begin transaction
  [1m[36mSQL (0.5ms)[0m  [1mUPDATE "constraint_days" SET "name" = ?, "updated_at" = ? WHERE "constraint_days"."id" = ?[0m  [["name", "standard weekday"], ["updated_at", "2015-03-23 21:40:36.690641"], ["id", 2]]
  [1m[35m (8.8ms)[0m  commit transaction
  [1m[36m (0.2ms)[0m  [1mbegin transaction[0m
  [1m[35mSQL (0.6ms)[0m  INSERT INTO "users" ("default_hrs_per_month", "username", "email", "created_at", "updated_at") VALUES (?, ?, ?, ?, ?)  [["default_hrs_per_month", 4], ["username", "foofoo"], ["email", "foo@foo.com"], ["created_at", "2015-03-23 21:47:16.081564"], ["updated_at", "2015-03-23 21:47:16.081564"]]
  [1m[36m (8.8ms)[0m  [1mcommit transaction[0m
  [1m[35mUser Load (0.3ms)[0m  SELECT  "users".* FROM "users"  ORDER BY "users"."id" ASC LIMIT 1
  [1m[36m (0.1ms)[0m  [1mbegin transaction[0m
  [1m[35m (0.1ms)[0m  rollback transaction
  [1m[36m (0.1ms)[0m  [1mbegin transaction[0m
  [1m[35mSQL (0.5ms)[0m  INSERT INTO "constraint_days" ("avail_starting", "avail_ending", "created_at", "updated_at") VALUES (?, ?, ?, ?)  [["avail_starting", "2000-01-01 07:00:00.000000"], ["avail_ending", "2000-01-01 09:00:00.000000"], ["created_at", "2015-03-23 22:02:00.367214"], ["updated_at", "2015-03-23 22:02:00.367214"]]
  [1m[36m (8.8ms)[0m  [1mcommit transaction[0m
  [1m[35m (0.1ms)[0m  begin transaction
  [1m[36m (0.1ms)[0m  [1mrollback transaction[0m
  [1m[35m (0.1ms)[0m  begin transaction
  [1m[36m (0.1ms)[0m  [1mrollback transaction[0m
  [1m[35m (0.1ms)[0m  begin transaction
  [1m[36mSQL (0.6ms)[0m  [1mINSERT INTO "constraint_days" ("avail_starting", "avail_ending", "created_at", "updated_at") VALUES (?, ?, ?, ?)[0m  [["avail_starting", "2000-01-01 07:00:00.000000"], ["avail_ending", "2000-01-01 22:00:00.000000"], ["created_at", "2015-03-23 22:10:19.038124"], ["updated_at", "2015-03-23 22:10:19.038124"]]
  [1m[35m (8.8ms)[0m  commit transaction
  [1m[36m (0.1ms)[0m  [1mbegin transaction[0m
  [1m[35mSQL (0.5ms)[0m  UPDATE "constraint_days" SET "hold_for_perf_ends" = ?, "hold_for_perf_starts" = ?, "updated_at" = ? WHERE "constraint_days"."id" = ?  [["hold_for_perf_ends", "2000-01-01 23:00:00.000000"], ["hold_for_perf_starts", "2000-01-01 06:00:00.000000"], ["updated_at", "2015-03-23 22:11:00.480391"], ["id", 4]]
  [1m[36m (8.6ms)[0m  [1mcommit transaction[0m
